# Logfile created on 2014-05-03 23:37:55 +0200 by logger.rb/41954
D, [2014-05-03T23:37:55.140191 #9592] DEBUG -- : REQUESTING PAGE: GET / with {} and HTTP headers {}
D, [2014-05-03T23:38:34.368104 #9698] DEBUG -- : REQUESTING PAGE: GET / with {} and HTTP headers {}
D, [2014-05-03T23:38:34.407949 #9698] DEBUG -- : REQUESTING PAGE: GET /about with {} and HTTP headers {"HTTP_REFERER"=>"/"}
D, [2014-05-03T23:39:51.262351 #9810] DEBUG -- : REQUESTING PAGE: GET / with {} and HTTP headers {}
D, [2014-05-03T23:39:51.279096 #9810] DEBUG -- : REQUESTING PAGE: GET /about with {} and HTTP headers {"HTTP_REFERER"=>"/"}
D, [2014-05-03T23:39:51.293512 #9810] DEBUG -- : REQUESTING PAGE: GET /contact with {} and HTTP headers {"HTTP_REFERER"=>"/about"}
D, [2014-05-03T23:39:51.308486 #9810] DEBUG -- : REQUESTING PAGE: GET / with {} and HTTP headers {"HTTP_REFERER"=>"/contact"}
D, [2014-05-03T23:40:19.712502 #9843] DEBUG -- : REQUESTING PAGE: GET / with {} and HTTP headers {}
D, [2014-05-03T23:40:19.729773 #9843] DEBUG -- : REQUESTING PAGE: GET /about with {} and HTTP headers {"HTTP_REFERER"=>"/"}
D, [2014-05-03T23:40:19.745871 #9843] DEBUG -- : REQUESTING PAGE: GET /contact with {} and HTTP headers {"HTTP_REFERER"=>"/about"}
D, [2014-05-03T23:40:19.760608 #9843] DEBUG -- : REQUESTING PAGE: GET / with {} and HTTP headers {"HTTP_REFERER"=>"/contact"}
D, [2014-05-03T23:40:19.775751 #9843] DEBUG -- : REQUESTING PAGE: GET /signup with {} and HTTP headers {"HTTP_REFERER"=>"/"}
D, [2014-05-03T23:44:19.598280 #10050] DEBUG -- : REQUESTING PAGE: GET / with {} and HTTP headers {}
D, [2014-05-03T23:44:19.638065 #10050] DEBUG -- : REQUESTING PAGE: GET /about with {} and HTTP headers {"HTTP_REFERER"=>"/"}
D, [2014-05-03T23:44:19.657241 #10050] DEBUG -- : REQUESTING PAGE: GET /contact with {} and HTTP headers {"HTTP_REFERER"=>"/about"}
D, [2014-05-03T23:44:19.675520 #10050] DEBUG -- : REQUESTING PAGE: GET / with {} and HTTP headers {"HTTP_REFERER"=>"/contact"}
D, [2014-05-03T23:44:19.694332 #10050] DEBUG -- : REQUESTING PAGE: GET /signup with {} and HTTP headers {"HTTP_REFERER"=>"/"}
D, [2014-05-03T23:46:56.659104 #11144] DEBUG -- : REQUESTING PAGE: GET / with {} and HTTP headers {}
D, [2014-05-03T23:46:56.675312 #11144] DEBUG -- : REQUESTING PAGE: GET /about with {} and HTTP headers {"HTTP_REFERER"=>"/"}
D, [2014-05-03T23:46:56.690346 #11144] DEBUG -- : REQUESTING PAGE: GET /contact with {} and HTTP headers {"HTTP_REFERER"=>"/about"}
D, [2014-05-03T23:46:56.705199 #11144] DEBUG -- : REQUESTING PAGE: GET / with {} and HTTP headers {"HTTP_REFERER"=>"/contact"}
D, [2014-05-03T23:46:56.720630 #11144] DEBUG -- : REQUESTING PAGE: GET /signup with {} and HTTP headers {"HTTP_REFERER"=>"/"}
D, [2014-05-03T23:48:24.745290 #11185] DEBUG -- : REQUESTING PAGE: GET / with {} and HTTP headers {}
D, [2014-05-03T23:48:24.763069 #11185] DEBUG -- : REQUESTING PAGE: GET /about with {} and HTTP headers {"HTTP_REFERER"=>"/"}
D, [2014-05-03T23:48:24.777601 #11185] DEBUG -- : REQUESTING PAGE: GET /contact with {} and HTTP headers {"HTTP_REFERER"=>"/about"}
D, [2014-05-03T23:48:24.792985 #11185] DEBUG -- : REQUESTING PAGE: GET / with {} and HTTP headers {"HTTP_REFERER"=>"/contact"}
D, [2014-05-03T23:48:24.847988 #11185] DEBUG -- : REQUESTING PAGE: GET /signup with {} and HTTP headers {"HTTP_REFERER"=>"/"}
D, [2014-05-03T23:49:18.682361 #11222] DEBUG -- : REQUESTING PAGE: GET / with {} and HTTP headers {}
D, [2014-05-03T23:49:18.698313 #11222] DEBUG -- : REQUESTING PAGE: GET /about with {} and HTTP headers {"HTTP_REFERER"=>"/"}
D, [2014-05-03T23:49:18.715943 #11222] DEBUG -- : REQUESTING PAGE: GET /contact with {} and HTTP headers {"HTTP_REFERER"=>"/about"}
D, [2014-05-03T23:49:18.731817 #11222] DEBUG -- : REQUESTING PAGE: GET / with {} and HTTP headers {"HTTP_REFERER"=>"/contact"}
D, [2014-05-03T23:49:18.781862 #11222] DEBUG -- : REQUESTING PAGE: GET /signup with {} and HTTP headers {"HTTP_REFERER"=>"/"}
D, [2014-05-03T23:50:30.008915 #11441] DEBUG -- : REQUESTING PAGE: GET / with {} and HTTP headers {}
D, [2014-05-03T23:50:30.026029 #11441] DEBUG -- : REQUESTING PAGE: GET /about with {} and HTTP headers {"HTTP_REFERER"=>"/"}
D, [2014-05-03T23:50:30.048990 #11441] DEBUG -- : REQUESTING PAGE: GET /contact with {} and HTTP headers {"HTTP_REFERER"=>"/about"}
D, [2014-05-03T23:50:30.063466 #11441] DEBUG -- : REQUESTING PAGE: GET / with {} and HTTP headers {"HTTP_REFERER"=>"/contact"}
D, [2014-05-03T23:50:30.080091 #11441] DEBUG -- : REQUESTING PAGE: GET /signup with {} and HTTP headers {"HTTP_REFERER"=>"/"}
D, [2014-05-03T23:50:54.158664 #11474] DEBUG -- : REQUESTING PAGE: GET / with {} and HTTP headers {}
D, [2014-05-03T23:50:54.181030 #11474] DEBUG -- : REQUESTING PAGE: GET /about with {} and HTTP headers {"HTTP_REFERER"=>"/"}
D, [2014-05-03T23:50:54.197076 #11474] DEBUG -- : REQUESTING PAGE: GET /contact with {} and HTTP headers {"HTTP_REFERER"=>"/about"}
D, [2014-05-03T23:50:54.213710 #11474] DEBUG -- : REQUESTING PAGE: GET / with {} and HTTP headers {"HTTP_REFERER"=>"/contact"}
D, [2014-05-03T23:50:54.229796 #11474] DEBUG -- : REQUESTING PAGE: GET /signup with {} and HTTP headers {"HTTP_REFERER"=>"/"}
D, [2014-05-10T21:55:40.789948 #21725] DEBUG -- : REQUESTING PAGE: GET / with {} and HTTP headers {}
D, [2014-05-10T21:55:40.828092 #21725] DEBUG -- : REQUESTING PAGE: GET /about with {} and HTTP headers {"HTTP_REFERER"=>"/"}
D, [2014-05-10T21:55:40.846101 #21725] DEBUG -- : REQUESTING PAGE: GET /contact with {} and HTTP headers {"HTTP_REFERER"=>"/about"}
D, [2014-05-10T21:55:40.911291 #21725] DEBUG -- : REQUESTING PAGE: GET / with {} and HTTP headers {"HTTP_REFERER"=>"/contact"}
D, [2014-05-10T21:55:40.942949 #21725] DEBUG -- : REQUESTING PAGE: GET /signup with {} and HTTP headers {"HTTP_REFERER"=>"/"}
D, [2014-05-10T21:56:25.380479 #21761] DEBUG -- : REQUESTING PAGE: GET / with {} and HTTP headers {}
D, [2014-05-10T21:56:25.396950 #21761] DEBUG -- : REQUESTING PAGE: GET /about with {} and HTTP headers {"HTTP_REFERER"=>"/"}
D, [2014-05-10T21:56:25.413899 #21761] DEBUG -- : REQUESTING PAGE: GET /contact with {} and HTTP headers {"HTTP_REFERER"=>"/about"}
D, [2014-05-10T21:56:25.432341 #21761] DEBUG -- : REQUESTING PAGE: GET / with {} and HTTP headers {"HTTP_REFERER"=>"/contact"}
D, [2014-05-10T21:56:25.453078 #21761] DEBUG -- : REQUESTING PAGE: GET /signup with {} and HTTP headers {"HTTP_REFERER"=>"/"}
D, [2014-05-10T21:56:59.502231 #21793] DEBUG -- : REQUESTING PAGE: GET / with {} and HTTP headers {}
D, [2014-05-10T21:56:59.521252 #21793] DEBUG -- : REQUESTING PAGE: GET /about with {} and HTTP headers {"HTTP_REFERER"=>"/"}
D, [2014-05-10T21:56:59.538306 #21793] DEBUG -- : REQUESTING PAGE: GET /contact with {} and HTTP headers {"HTTP_REFERER"=>"/about"}
D, [2014-05-10T21:56:59.555446 #21793] DEBUG -- : REQUESTING PAGE: GET / with {} and HTTP headers {"HTTP_REFERER"=>"/contact"}
D, [2014-05-10T21:56:59.573341 #21793] DEBUG -- : REQUESTING PAGE: GET /signup with {} and HTTP headers {"HTTP_REFERER"=>"/"}
D, [2014-05-10T21:58:30.321854 #22117] DEBUG -- : REQUESTING PAGE: GET / with {} and HTTP headers {}
D, [2014-05-10T21:58:30.346332 #22117] DEBUG -- : REQUESTING PAGE: GET /about with {} and HTTP headers {"HTTP_REFERER"=>"/"}
D, [2014-05-10T21:58:30.364170 #22117] DEBUG -- : REQUESTING PAGE: GET /contact with {} and HTTP headers {"HTTP_REFERER"=>"/about"}
D, [2014-05-10T21:58:30.382421 #22117] DEBUG -- : REQUESTING PAGE: GET / with {} and HTTP headers {"HTTP_REFERER"=>"/contact"}
D, [2014-05-10T21:58:30.440615 #22117] DEBUG -- : REQUESTING PAGE: GET /signup with {} and HTTP headers {"HTTP_REFERER"=>"/"}
D, [2014-05-10T22:02:06.121188 #22832] DEBUG -- : REQUESTING PAGE: GET / with {} and HTTP headers {}
D, [2014-05-10T22:02:06.142784 #22832] DEBUG -- : REQUESTING PAGE: GET /about with {} and HTTP headers {"HTTP_REFERER"=>"/"}
D, [2014-05-10T22:02:06.202733 #22832] DEBUG -- : REQUESTING PAGE: GET /contact with {} and HTTP headers {"HTTP_REFERER"=>"/about"}
D, [2014-05-10T22:02:06.223006 #22832] DEBUG -- : REQUESTING PAGE: GET / with {} and HTTP headers {"HTTP_REFERER"=>"/contact"}
D, [2014-05-10T22:02:06.242914 #22832] DEBUG -- : REQUESTING PAGE: GET /signup with {} and HTTP headers {"HTTP_REFERER"=>"/"}
D, [2014-05-10T22:03:29.079418 #23432] DEBUG -- : REQUESTING PAGE: GET / with {} and HTTP headers {}
D, [2014-05-10T22:03:29.096803 #23432] DEBUG -- : REQUESTING PAGE: GET /about with {} and HTTP headers {"HTTP_REFERER"=>"/"}
D, [2014-05-10T22:03:29.156637 #23432] DEBUG -- : REQUESTING PAGE: GET /contact with {} and HTTP headers {"HTTP_REFERER"=>"/about"}
D, [2014-05-10T22:03:29.174467 #23432] DEBUG -- : REQUESTING PAGE: GET / with {} and HTTP headers {"HTTP_REFERER"=>"/contact"}
D, [2014-05-10T22:03:29.194058 #23432] DEBUG -- : REQUESTING PAGE: GET /signup with {} and HTTP headers {"HTTP_REFERER"=>"/"}
D, [2014-05-10T22:04:07.107278 #23467] DEBUG -- : REQUESTING PAGE: GET / with {} and HTTP headers {}
D, [2014-05-10T22:04:07.156236 #23467] DEBUG -- : REQUESTING PAGE: GET /about with {} and HTTP headers {"HTTP_REFERER"=>"/"}
D, [2014-05-10T22:04:07.174997 #23467] DEBUG -- : REQUESTING PAGE: GET /contact with {} and HTTP headers {"HTTP_REFERER"=>"/about"}
D, [2014-05-10T22:04:07.195823 #23467] DEBUG -- : REQUESTING PAGE: GET / with {} and HTTP headers {"HTTP_REFERER"=>"/contact"}
D, [2014-05-10T22:04:07.212947 #23467] DEBUG -- : REQUESTING PAGE: GET /signup with {} and HTTP headers {"HTTP_REFERER"=>"/"}
D, [2014-05-10T22:06:36.009533 #23797] DEBUG -- : REQUESTING PAGE: GET / with {} and HTTP headers {}
D, [2014-05-10T22:06:36.032251 #23797] DEBUG -- : REQUESTING PAGE: GET /about with {} and HTTP headers {"HTTP_REFERER"=>"/"}
D, [2014-05-10T22:06:36.055191 #23797] DEBUG -- : REQUESTING PAGE: GET /contact with {} and HTTP headers {"HTTP_REFERER"=>"/about"}
D, [2014-05-10T22:06:36.118368 #23797] DEBUG -- : REQUESTING PAGE: GET / with {} and HTTP headers {"HTTP_REFERER"=>"/contact"}
D, [2014-05-10T22:06:36.135748 #23797] DEBUG -- : REQUESTING PAGE: GET /signup with {} and HTTP headers {"HTTP_REFERER"=>"/"}
D, [2014-05-10T22:08:23.417691 #24404] DEBUG -- : REQUESTING PAGE: GET / with {} and HTTP headers {}
D, [2014-05-10T22:08:23.473368 #24404] DEBUG -- : REQUESTING PAGE: GET /about with {} and HTTP headers {"HTTP_REFERER"=>"/"}
D, [2014-05-10T22:08:23.489574 #24404] DEBUG -- : REQUESTING PAGE: GET /contact with {} and HTTP headers {"HTTP_REFERER"=>"/about"}
D, [2014-05-10T22:08:23.510619 #24404] DEBUG -- : REQUESTING PAGE: GET / with {} and HTTP headers {"HTTP_REFERER"=>"/contact"}
D, [2014-05-10T22:08:23.528400 #24404] DEBUG -- : REQUESTING PAGE: GET /signup with {} and HTTP headers {"HTTP_REFERER"=>"/"}
D, [2014-05-10T22:08:32.061396 #24434] DEBUG -- : REQUESTING PAGE: GET / with {} and HTTP headers {}
D, [2014-05-10T22:08:32.135940 #24434] DEBUG -- : REQUESTING PAGE: GET /about with {} and HTTP headers {"HTTP_REFERER"=>"/"}
D, [2014-05-10T22:08:32.159915 #24434] DEBUG -- : REQUESTING PAGE: GET /contact with {} and HTTP headers {"HTTP_REFERER"=>"/about"}
D, [2014-05-10T22:08:32.183425 #24434] DEBUG -- : REQUESTING PAGE: GET / with {} and HTTP headers {"HTTP_REFERER"=>"/contact"}
D, [2014-05-10T22:08:32.200868 #24434] DEBUG -- : REQUESTING PAGE: GET /signup with {} and HTTP headers {"HTTP_REFERER"=>"/"}
D, [2014-05-10T22:08:45.294399 #24465] DEBUG -- : REQUESTING PAGE: GET / with {} and HTTP headers {}
D, [2014-05-10T22:08:45.356393 #24465] DEBUG -- : REQUESTING PAGE: GET /about with {} and HTTP headers {"HTTP_REFERER"=>"/"}
D, [2014-05-10T22:08:45.374007 #24465] DEBUG -- : REQUESTING PAGE: GET /contact with {} and HTTP headers {"HTTP_REFERER"=>"/about"}
D, [2014-05-10T22:08:45.390208 #24465] DEBUG -- : REQUESTING PAGE: GET / with {} and HTTP headers {"HTTP_REFERER"=>"/contact"}
D, [2014-05-10T22:08:45.408717 #24465] DEBUG -- : REQUESTING PAGE: GET /signup with {} and HTTP headers {"HTTP_REFERER"=>"/"}
D, [2014-05-10T22:08:52.156555 #24494] DEBUG -- : REQUESTING PAGE: GET / with {} and HTTP headers {}
D, [2014-05-10T22:08:52.173632 #24494] DEBUG -- : REQUESTING PAGE: GET /about with {} and HTTP headers {"HTTP_REFERER"=>"/"}
D, [2014-05-10T22:08:52.193248 #24494] DEBUG -- : REQUESTING PAGE: GET /contact with {} and HTTP headers {"HTTP_REFERER"=>"/about"}
D, [2014-05-10T22:08:52.218159 #24494] DEBUG -- : REQUESTING PAGE: GET / with {} and HTTP headers {"HTTP_REFERER"=>"/contact"}
D, [2014-05-10T22:08:52.274347 #24494] DEBUG -- : REQUESTING PAGE: GET /signup with {} and HTTP headers {"HTTP_REFERER"=>"/"}
D, [2014-05-10T22:25:29.270364 #28041] DEBUG -- : REQUESTING PAGE: GET / with {} and HTTP headers {}
D, [2014-05-10T22:25:29.290780 #28041] DEBUG -- : REQUESTING PAGE: GET /about with {} and HTTP headers {"HTTP_REFERER"=>"/"}
D, [2014-05-10T22:25:29.309205 #28041] DEBUG -- : REQUESTING PAGE: GET /contact with {} and HTTP headers {"HTTP_REFERER"=>"/about"}
D, [2014-05-10T22:25:29.325950 #28041] DEBUG -- : REQUESTING PAGE: GET / with {} and HTTP headers {"HTTP_REFERER"=>"/contact"}
D, [2014-05-10T22:25:29.341935 #28041] DEBUG -- : REQUESTING PAGE: GET /signup with {} and HTTP headers {"HTTP_REFERER"=>"/"}
D, [2014-05-10T22:25:44.450125 #28074] DEBUG -- : REQUESTING PAGE: GET / with {} and HTTP headers {}
D, [2014-05-10T22:25:44.466295 #28074] DEBUG -- : REQUESTING PAGE: GET /about with {} and HTTP headers {"HTTP_REFERER"=>"/"}
D, [2014-05-10T22:25:44.485393 #28074] DEBUG -- : REQUESTING PAGE: GET /contact with {} and HTTP headers {"HTTP_REFERER"=>"/about"}
D, [2014-05-10T22:25:44.503437 #28074] DEBUG -- : REQUESTING PAGE: GET / with {} and HTTP headers {"HTTP_REFERER"=>"/contact"}
D, [2014-05-10T22:25:44.520276 #28074] DEBUG -- : REQUESTING PAGE: GET /signup with {} and HTTP headers {"HTTP_REFERER"=>"/"}
D, [2014-05-10T22:29:24.528547 #28688] DEBUG -- : REQUESTING PAGE: GET / with {} and HTTP headers {}
D, [2014-05-10T22:29:24.548943 #28688] DEBUG -- : REQUESTING PAGE: GET /about with {} and HTTP headers {"HTTP_REFERER"=>"/"}
D, [2014-05-10T22:29:24.603351 #28688] DEBUG -- : REQUESTING PAGE: GET /contact with {} and HTTP headers {"HTTP_REFERER"=>"/about"}
D, [2014-05-10T22:29:24.622345 #28688] DEBUG -- : REQUESTING PAGE: GET / with {} and HTTP headers {"HTTP_REFERER"=>"/contact"}
D, [2014-05-10T22:29:24.639516 #28688] DEBUG -- : REQUESTING PAGE: GET /signup with {} and HTTP headers {"HTTP_REFERER"=>"/"}
D, [2014-05-10T22:33:50.538816 #29880] DEBUG -- : REQUESTING PAGE: GET / with {} and HTTP headers {}
D, [2014-05-10T22:33:50.597491 #29880] DEBUG -- : REQUESTING PAGE: GET /about with {} and HTTP headers {"HTTP_REFERER"=>"/"}
D, [2014-05-10T22:33:50.614901 #29880] DEBUG -- : REQUESTING PAGE: GET /contact with {} and HTTP headers {"HTTP_REFERER"=>"/about"}
D, [2014-05-10T22:33:50.638761 #29880] DEBUG -- : REQUESTING PAGE: GET / with {} and HTTP headers {"HTTP_REFERER"=>"/contact"}
D, [2014-05-10T22:33:50.657335 #29880] DEBUG -- : REQUESTING PAGE: GET /signup with {} and HTTP headers {"HTTP_REFERER"=>"/"}
D, [2014-05-10T22:34:56.572353 #30202] DEBUG -- : REQUESTING PAGE: GET / with {} and HTTP headers {}
D, [2014-05-10T22:34:56.606751 #30202] DEBUG -- : REQUESTING PAGE: GET /about with {} and HTTP headers {"HTTP_REFERER"=>"/"}
D, [2014-05-10T22:34:56.628682 #30202] DEBUG -- : REQUESTING PAGE: GET /contact with {} and HTTP headers {"HTTP_REFERER"=>"/about"}
D, [2014-05-10T22:34:56.647676 #30202] DEBUG -- : REQUESTING PAGE: GET / with {} and HTTP headers {"HTTP_REFERER"=>"/contact"}
D, [2014-05-10T22:34:56.665501 #30202] DEBUG -- : REQUESTING PAGE: GET /signup with {} and HTTP headers {"HTTP_REFERER"=>"/"}
D, [2014-05-10T22:35:13.488835 #30232] DEBUG -- : REQUESTING PAGE: GET / with {} and HTTP headers {}
D, [2014-05-10T22:35:13.510663 #30232] DEBUG -- : REQUESTING PAGE: GET /about with {} and HTTP headers {"HTTP_REFERER"=>"/"}
D, [2014-05-10T22:35:13.578021 #30232] DEBUG -- : REQUESTING PAGE: GET /contact with {} and HTTP headers {"HTTP_REFERER"=>"/about"}
D, [2014-05-10T22:35:13.597696 #30232] DEBUG -- : REQUESTING PAGE: GET / with {} and HTTP headers {"HTTP_REFERER"=>"/contact"}
D, [2014-05-10T22:35:13.617809 #30232] DEBUG -- : REQUESTING PAGE: GET /signup with {} and HTTP headers {"HTTP_REFERER"=>"/"}
D, [2014-05-10T22:41:07.116613 #30423] DEBUG -- : REQUESTING PAGE: GET / with {} and HTTP headers {}
D, [2014-05-10T22:41:07.135835 #30423] DEBUG -- : REQUESTING PAGE: GET /about with {} and HTTP headers {"HTTP_REFERER"=>"/"}
D, [2014-05-10T22:41:07.195044 #30423] DEBUG -- : REQUESTING PAGE: GET /contact with {} and HTTP headers {"HTTP_REFERER"=>"/about"}
D, [2014-05-10T22:41:07.216958 #30423] DEBUG -- : REQUESTING PAGE: GET / with {} and HTTP headers {"HTTP_REFERER"=>"/contact"}
D, [2014-05-10T22:41:07.234373 #30423] DEBUG -- : REQUESTING PAGE: GET /signup with {} and HTTP headers {"HTTP_REFERER"=>"/"}
D, [2014-05-10T23:00:35.815174 #6326] DEBUG -- : REQUESTING PAGE: GET / with {} and HTTP headers {}
D, [2014-05-10T23:00:35.834587 #6326] DEBUG -- : REQUESTING PAGE: GET /about with {} and HTTP headers {"HTTP_REFERER"=>"/"}
D, [2014-05-10T23:00:35.899034 #6326] DEBUG -- : REQUESTING PAGE: GET /contact with {} and HTTP headers {"HTTP_REFERER"=>"/about"}
D, [2014-05-10T23:00:35.917446 #6326] DEBUG -- : REQUESTING PAGE: GET / with {} and HTTP headers {"HTTP_REFERER"=>"/contact"}
D, [2014-05-10T23:00:35.933946 #6326] DEBUG -- : REQUESTING PAGE: GET /signup with {} and HTTP headers {"HTTP_REFERER"=>"/"}
D, [2014-05-10T23:00:46.760128 #6511] DEBUG -- : REQUESTING PAGE: GET / with {} and HTTP headers {}
D, [2014-05-10T23:00:46.785712 #6511] DEBUG -- : REQUESTING PAGE: GET /about with {} and HTTP headers {"HTTP_REFERER"=>"/"}
D, [2014-05-10T23:00:46.810281 #6511] DEBUG -- : REQUESTING PAGE: GET /contact with {} and HTTP headers {"HTTP_REFERER"=>"/about"}
D, [2014-05-10T23:00:46.828803 #6511] DEBUG -- : REQUESTING PAGE: GET / with {} and HTTP headers {"HTTP_REFERER"=>"/contact"}
D, [2014-05-10T23:00:46.891833 #6511] DEBUG -- : REQUESTING PAGE: GET /signup with {} and HTTP headers {"HTTP_REFERER"=>"/"}
D, [2014-05-10T23:11:49.742166 #10746] DEBUG -- : REQUESTING PAGE: GET / with {} and HTTP headers {}
D, [2014-05-10T23:11:49.765184 #10746] DEBUG -- : REQUESTING PAGE: GET /about with {} and HTTP headers {"HTTP_REFERER"=>"/"}
D, [2014-05-10T23:11:49.782938 #10746] DEBUG -- : REQUESTING PAGE: GET /contact with {} and HTTP headers {"HTTP_REFERER"=>"/about"}
D, [2014-05-10T23:11:49.800727 #10746] DEBUG -- : REQUESTING PAGE: GET / with {} and HTTP headers {"HTTP_REFERER"=>"/contact"}
D, [2014-05-10T23:11:49.823823 #10746] DEBUG -- : REQUESTING PAGE: GET /signup with {} and HTTP headers {"HTTP_REFERER"=>"/"}
D, [2014-05-10T23:14:59.080456 #11390] DEBUG -- : REQUESTING PAGE: GET / with {} and HTTP headers {}
D, [2014-05-10T23:14:59.099259 #11390] DEBUG -- : REQUESTING PAGE: GET /about with {} and HTTP headers {"HTTP_REFERER"=>"/"}
D, [2014-05-10T23:14:59.117471 #11390] DEBUG -- : REQUESTING PAGE: GET /contact with {} and HTTP headers {"HTTP_REFERER"=>"/about"}
D, [2014-05-10T23:14:59.135159 #11390] DEBUG -- : REQUESTING PAGE: GET / with {} and HTTP headers {"HTTP_REFERER"=>"/contact"}
D, [2014-05-10T23:14:59.155662 #11390] DEBUG -- : REQUESTING PAGE: GET /signup with {} and HTTP headers {"HTTP_REFERER"=>"/"}
D, [2014-05-10T23:17:28.999558 #12022] DEBUG -- : REQUESTING PAGE: GET / with {} and HTTP headers {}
D, [2014-05-10T23:17:29.018275 #12022] DEBUG -- : REQUESTING PAGE: GET /about with {} and HTTP headers {"HTTP_REFERER"=>"/"}
D, [2014-05-10T23:17:29.037793 #12022] DEBUG -- : REQUESTING PAGE: GET /contact with {} and HTTP headers {"HTTP_REFERER"=>"/about"}
D, [2014-05-10T23:17:29.063586 #12022] DEBUG -- : REQUESTING PAGE: GET / with {} and HTTP headers {"HTTP_REFERER"=>"/contact"}
D, [2014-05-10T23:17:29.081798 #12022] DEBUG -- : REQUESTING PAGE: GET /signup with {} and HTTP headers {"HTTP_REFERER"=>"/"}
D, [2014-05-10T23:19:31.909474 #13287] DEBUG -- : REQUESTING PAGE: GET / with {} and HTTP headers {}
D, [2014-05-10T23:19:31.980171 #13287] DEBUG -- : REQUESTING PAGE: GET /about with {} and HTTP headers {"HTTP_REFERER"=>"/"}
D, [2014-05-10T23:19:32.004286 #13287] DEBUG -- : REQUESTING PAGE: GET /contact with {} and HTTP headers {"HTTP_REFERER"=>"/about"}
D, [2014-05-10T23:19:32.021891 #13287] DEBUG -- : REQUESTING PAGE: GET / with {} and HTTP headers {"HTTP_REFERER"=>"/contact"}
D, [2014-05-10T23:19:32.040872 #13287] DEBUG -- : REQUESTING PAGE: GET /signup with {} and HTTP headers {"HTTP_REFERER"=>"/"}
D, [2014-05-10T23:22:55.640038 #15043] DEBUG -- : REQUESTING PAGE: GET / with {} and HTTP headers {}
D, [2014-05-10T23:22:55.666207 #15043] DEBUG -- : REQUESTING PAGE: GET /about with {} and HTTP headers {"HTTP_REFERER"=>"/"}
D, [2014-05-10T23:22:55.682124 #15043] DEBUG -- : REQUESTING PAGE: GET /contact with {} and HTTP headers {"HTTP_REFERER"=>"/about"}
D, [2014-05-10T23:22:55.700934 #15043] DEBUG -- : REQUESTING PAGE: GET / with {} and HTTP headers {"HTTP_REFERER"=>"/contact"}
D, [2014-05-10T23:22:55.767182 #15043] DEBUG -- : REQUESTING PAGE: GET /signup with {} and HTTP headers {"HTTP_REFERER"=>"/"}
D, [2014-05-10T23:23:49.168610 #15080] DEBUG -- : REQUESTING PAGE: GET / with {} and HTTP headers {}
D, [2014-05-10T23:23:49.186125 #15080] DEBUG -- : REQUESTING PAGE: GET /about with {} and HTTP headers {"HTTP_REFERER"=>"/"}
D, [2014-05-10T23:23:49.204293 #15080] DEBUG -- : REQUESTING PAGE: GET /contact with {} and HTTP headers {"HTTP_REFERER"=>"/about"}
D, [2014-05-10T23:23:49.225730 #15080] DEBUG -- : REQUESTING PAGE: GET / with {} and HTTP headers {"HTTP_REFERER"=>"/contact"}
D, [2014-05-10T23:23:49.246673 #15080] DEBUG -- : REQUESTING PAGE: GET /signup with {} and HTTP headers {"HTTP_REFERER"=>"/"}
D, [2014-05-10T23:25:49.929525 #16255] DEBUG -- : REQUESTING PAGE: GET / with {} and HTTP headers {}
D, [2014-05-10T23:25:49.948478 #16255] DEBUG -- : REQUESTING PAGE: GET /about with {} and HTTP headers {"HTTP_REFERER"=>"/"}
D, [2014-05-10T23:25:49.964841 #16255] DEBUG -- : REQUESTING PAGE: GET /contact with {} and HTTP headers {"HTTP_REFERER"=>"/about"}
D, [2014-05-10T23:25:49.982025 #16255] DEBUG -- : REQUESTING PAGE: GET / with {} and HTTP headers {"HTTP_REFERER"=>"/contact"}
D, [2014-05-10T23:25:49.999042 #16255] DEBUG -- : REQUESTING PAGE: GET /signup with {} and HTTP headers {"HTTP_REFERER"=>"/"}
D, [2014-05-10T23:29:57.843135 #16885] DEBUG -- : REQUESTING PAGE: GET / with {} and HTTP headers {}
D, [2014-05-10T23:29:57.863407 #16885] DEBUG -- : REQUESTING PAGE: GET /about with {} and HTTP headers {"HTTP_REFERER"=>"/"}
D, [2014-05-10T23:29:57.884210 #16885] DEBUG -- : REQUESTING PAGE: GET /contact with {} and HTTP headers {"HTTP_REFERER"=>"/about"}
D, [2014-05-10T23:29:57.900759 #16885] DEBUG -- : REQUESTING PAGE: GET / with {} and HTTP headers {"HTTP_REFERER"=>"/contact"}
D, [2014-05-10T23:29:57.918633 #16885] DEBUG -- : REQUESTING PAGE: GET /signup with {} and HTTP headers {"HTTP_REFERER"=>"/"}
D, [2014-05-10T23:30:41.617431 #16921] DEBUG -- : REQUESTING PAGE: GET / with {} and HTTP headers {}
D, [2014-05-10T23:30:41.641105 #16921] DEBUG -- : REQUESTING PAGE: GET /about with {} and HTTP headers {"HTTP_REFERER"=>"/"}
D, [2014-05-10T23:30:41.666541 #16921] DEBUG -- : REQUESTING PAGE: GET /contact with {} and HTTP headers {"HTTP_REFERER"=>"/about"}
D, [2014-05-10T23:30:41.728927 #16921] DEBUG -- : REQUESTING PAGE: GET / with {} and HTTP headers {"HTTP_REFERER"=>"/contact"}
D, [2014-05-10T23:30:41.757707 #16921] DEBUG -- : REQUESTING PAGE: GET /signup with {} and HTTP headers {"HTTP_REFERER"=>"/"}
D, [2014-05-10T23:31:22.569658 #16956] DEBUG -- : REQUESTING PAGE: GET / with {} and HTTP headers {}
D, [2014-05-10T23:31:22.587237 #16956] DEBUG -- : REQUESTING PAGE: GET /about with {} and HTTP headers {"HTTP_REFERER"=>"/"}
D, [2014-05-10T23:31:22.605356 #16956] DEBUG -- : REQUESTING PAGE: GET /contact with {} and HTTP headers {"HTTP_REFERER"=>"/about"}
D, [2014-05-10T23:31:22.624525 #16956] DEBUG -- : REQUESTING PAGE: GET / with {} and HTTP headers {"HTTP_REFERER"=>"/contact"}
D, [2014-05-10T23:31:22.647714 #16956] DEBUG -- : REQUESTING PAGE: GET /signup with {} and HTTP headers {"HTTP_REFERER"=>"/"}
D, [2014-05-10T23:37:41.461038 #18811] DEBUG -- : REQUESTING PAGE: GET / with {} and HTTP headers {}
D, [2014-05-10T23:37:41.518715 #18811] DEBUG -- : REQUESTING PAGE: GET /about with {} and HTTP headers {"HTTP_REFERER"=>"/"}
D, [2014-05-10T23:37:41.548264 #18811] DEBUG -- : REQUESTING PAGE: GET /contact with {} and HTTP headers {"HTTP_REFERER"=>"/about"}
D, [2014-05-10T23:37:41.615984 #18811] DEBUG -- : REQUESTING PAGE: GET / with {} and HTTP headers {"HTTP_REFERER"=>"/contact"}
D, [2014-05-10T23:37:41.633703 #18811] DEBUG -- : REQUESTING PAGE: GET /signup with {} and HTTP headers {"HTTP_REFERER"=>"/"}
D, [2014-05-10T23:38:12.183919 #18882] DEBUG -- : REQUESTING PAGE: GET / with {} and HTTP headers {}
D, [2014-05-10T23:38:12.200921 #18882] DEBUG -- : REQUESTING PAGE: GET /about with {} and HTTP headers {"HTTP_REFERER"=>"/"}
D, [2014-05-10T23:38:12.218258 #18882] DEBUG -- : REQUESTING PAGE: GET /contact with {} and HTTP headers {"HTTP_REFERER"=>"/about"}
D, [2014-05-10T23:38:12.237361 #18882] DEBUG -- : REQUESTING PAGE: GET / with {} and HTTP headers {"HTTP_REFERER"=>"/contact"}
D, [2014-05-10T23:38:12.258734 #18882] DEBUG -- : REQUESTING PAGE: GET /signup with {} and HTTP headers {"HTTP_REFERER"=>"/"}
D, [2014-05-11T00:36:58.565721 #26342] DEBUG -- : REQUESTING PAGE: GET / with {} and HTTP headers {}
D, [2014-05-11T00:36:58.583975 #26342] DEBUG -- : REQUESTING PAGE: GET /about with {} and HTTP headers {"HTTP_REFERER"=>"/"}
D, [2014-05-11T00:36:58.601652 #26342] DEBUG -- : REQUESTING PAGE: GET /contact with {} and HTTP headers {"HTTP_REFERER"=>"/about"}
D, [2014-05-11T00:36:58.619746 #26342] DEBUG -- : REQUESTING PAGE: GET / with {} and HTTP headers {"HTTP_REFERER"=>"/contact"}
D, [2014-05-11T00:36:58.638303 #26342] DEBUG -- : REQUESTING PAGE: GET /signup with {} and HTTP headers {"HTTP_REFERER"=>"/"}
